1000000
3000000
7000000
6000000
2000000
5000000
1000000
12000000
4000000
4000000
1000000
11000000
1000000
3000000
8000000
1000000
9000000
6000000
2000000
1000000
10000000
2000000
3000000
2000000
6000000
1000000
10000000
2000000
1000000
3000000
5000000
8000000
4000000
7000000
6000000
3000000
2000000
13000000
5000000
5000000
2000000
12000000
2000000
2000000
4000000
10000000
2000000
3000000
9000000
7000000
3000000
11000000
3000000
4000000
3000000
2000000
5000000
11000000
7000000
8000000
7000000
4000000
6000000
4000000
9000000
6000000
2000000
3000000
3000000
3000000
5000000
6000000
13000000
4000000
11000000
3000000
10000000
12000000
4000000
4000000
3000000
8000000
4000000
3000000
6000000
5000000
9000000
8000000
8000000
12000000
5000000
5000000
7000000
7000000
10000000
3000000
5000000
4000000
7000000
13000000
4000000
11000000
4000000
5000000
6000000
4000000
4000000
6000000
9000000
5000000
12000000
7000000
5000000
8000000
10000000
9000000
4000000
6000000
9000000
6000000
4000000
8000000
13000000
11000000
5000000
5000000
5000000
6000000
6000000
12000000
8000000
7000000
5000000
10000000
6000000
5000000
9000000
13000000
8000000
7000000
6000000
10000000
10000000
11000000
5000000
7000000
7000000
5000000
9000000
12000000
6000000
6000000
6000000
7000000
13000000
9000000
7000000
8000000
6000000
6000000
8000000
7000000
11000000
9000000
10000000
7000000
11000000
