top - 04:48:34 up  2:01,  0 users,  load average: 0.16, 0.03, 0.01
Tasks:  16 total,   3 running,  13 sleeping,   0 stopped,   0 zombie
%Cpu(s): 15.5 us,  1.1 sy,  0.0 ni, 83.4 id,  0.0 wa,  0.0 hi,  0.0 si,  0.0 st
MiB Mem :  12682.7 total,  12084.7 free,    573.0 used,     24.9 buff/cache
MiB Swap:   4096.0 total,   4091.5 free,      4.5 used.  11949.4 avail Mem 
  997 osikov    20   0  270508 265212   3120 R 100.0   2.0   0:03.08 mem.bash
  998 osikov    20   0  272884 267484   3012 R 100.0   2.1   0:03.08 mem2.bash

top - 04:48:39 up  2:01,  0 users,  load average: 0.31, 0.07, 0.02
Tasks:  16 total,   3 running,  13 sleeping,   0 stopped,   0 zombie
%Cpu(s): 17.4 us,  1.1 sy,  0.0 ni, 81.5 id,  0.0 wa,  0.0 hi,  0.0 si,  0.0 st
MiB Mem :  12682.7 total,  11167.0 free,   1490.7 used,     24.9 buff/cache
MiB Swap:   4096.0 total,   4091.5 free,      4.5 used.  11031.7 avail Mem 
  997 osikov    20   0  729076 723780   3120 R 100.0   5.6   0:08.39 mem.bash
  998 osikov    20   0  737656 732124   3012 R 100.0   5.6   0:08.37 mem2.bash

top - 04:48:44 up  2:01,  0 users,  load average: 0.44, 0.10, 0.03
Tasks:  16 total,   4 running,  12 sleeping,   0 stopped,   0 zombie
%Cpu(s): 16.6 us,  0.0 sy,  0.0 ni, 83.4 id,  0.0 wa,  0.0 hi,  0.0 si,  0.0 st
MiB Mem :  12682.7 total,  10456.1 free,   2201.7 used,     24.9 buff/cache
MiB Swap:   4096.0 total,   4091.5 free,      4.5 used.  10320.7 avail Mem 
  997 osikov    20   0 1095640   1.0g   3120 R 100.0   8.4   0:13.69 mem.bash
  998 osikov    20   0 1106200   1.0g   3012 R 100.0   8.5   0:13.68 mem2.bash

top - 04:48:50 up  2:01,  0 users,  load average: 0.57, 0.13, 0.04
Tasks:  16 total,   3 running,  13 sleeping,   0 stopped,   0 zombie
%Cpu(s): 16.0 us,  0.6 sy,  0.0 ni, 83.4 id,  0.0 wa,  0.0 hi,  0.0 si,  0.0 st
MiB Mem :  12682.7 total,   9606.3 free,   3051.5 used,     24.9 buff/cache
MiB Swap:   4096.0 total,   4091.5 free,      4.5 used.   9470.9 avail Mem 
  997 osikov    20   0 1528732   1.5g   3120 R 100.0  11.7   0:18.99 mem.bash
  998 osikov    20   0 1545232   1.5g   3012 R 100.0  11.9   0:18.97 mem2.bash

top - 04:48:55 up  2:01,  0 users,  load average: 0.68, 0.16, 0.05
Tasks:  16 total,   3 running,  13 sleeping,   0 stopped,   0 zombie
%Cpu(s): 16.0 us,  0.6 sy,  0.0 ni, 83.4 id,  0.0 wa,  0.0 hi,  0.0 si,  0.0 st
MiB Mem :  12682.7 total,   8763.7 free,   3894.1 used,     24.9 buff/cache
MiB Swap:   4096.0 total,   4091.5 free,      4.5 used.   8628.3 avail Mem 
  997 osikov    20   0 1953640   1.9g   3120 R 100.0  15.0   0:24.30 mem.bash
  998 osikov    20   0 1975948   1.9g   3012 R 100.0  15.2   0:24.28 mem2.bash

top - 04:49:00 up  2:01,  0 users,  load average: 0.79, 0.19, 0.06
Tasks:  16 total,   3 running,  13 sleeping,   0 stopped,   0 zombie
%Cpu(s): 16.6 us,  0.0 sy,  0.0 ni, 83.4 id,  0.0 wa,  0.0 hi,  0.0 si,  0.0 st
MiB Mem :  12682.7 total,   7931.4 free,   4726.4 used,     24.9 buff/cache
MiB Swap:   4096.0 total,   4091.5 free,      4.5 used.   7796.0 avail Mem 
  997 osikov    20   0 2379340   2.3g   3120 R 100.0  18.3   0:29.60 mem.bash
  998 osikov    20   0 2406796   2.3g   3012 R 100.0  18.5   0:29.58 mem2.bash

top - 04:49:05 up  2:01,  0 users,  load average: 0.89, 0.22, 0.08
Tasks:  16 total,   3 running,  13 sleeping,   0 stopped,   0 zombie
%Cpu(s): 15.5 us,  1.1 sy,  0.0 ni, 83.4 id,  0.0 wa,  0.0 hi,  0.0 si,  0.0 st
MiB Mem :  12682.7 total,   7114.1 free,   5543.7 used,     24.9 buff/cache
MiB Swap:   4096.0 total,   4091.5 free,      4.5 used.   6978.7 avail Mem 
  997 osikov    20   0 2793292   2.7g   3120 R 100.0  21.5   0:34.90 mem.bash
  998 osikov    20   0 2826424   2.7g   3012 R  93.3  21.7   0:34.87 mem2.bash

top - 04:49:11 up  2:01,  0 users,  load average: 0.97, 0.25, 0.09
Tasks:  16 total,   3 running,  13 sleeping,   0 stopped,   0 zombie
%Cpu(s): 15.2 us,  1.1 sy,  0.0 ni, 82.6 id,  0.0 wa,  0.0 hi,  1.1 si,  0.0 st
MiB Mem :  12682.7 total,   6331.0 free,   6326.7 used,     24.9 buff/cache
MiB Swap:   4096.0 total,   4091.5 free,      4.5 used.   6195.7 avail Mem 
  997 osikov    20   0 3183880   3.0g   3120 R 100.0  24.5   0:40.21 mem.bash
  998 osikov    20   0 3225064   3.1g   3012 R 100.0  24.8   0:40.18 mem2.bash

top - 04:49:16 up  2:01,  0 users,  load average: 1.06, 0.28, 0.10
Tasks:  16 total,   3 running,  13 sleeping,   0 stopped,   0 zombie
%Cpu(s): 15.5 us,  1.1 sy,  0.0 ni, 83.4 id,  0.0 wa,  0.0 hi,  0.0 si,  0.0 st
MiB Mem :  12682.7 total,   5506.6 free,   7151.2 used,     24.9 buff/cache
MiB Swap:   4096.0 total,   4091.5 free,      4.5 used.   5371.3 avail Mem 
  997 osikov    20   0 3609448   3.4g   3120 R 100.0  27.8   0:45.52 mem.bash
  998 osikov    20   0 3653668   3.5g   3012 R 100.0  28.1   0:45.48 mem2.bash

top - 04:49:21 up  2:01,  0 users,  load average: 1.13, 0.31, 0.11
Tasks:  16 total,   3 running,  13 sleeping,   0 stopped,   0 zombie
%Cpu(s): 16.0 us,  0.6 sy,  0.0 ni, 83.4 id,  0.0 wa,  0.0 hi,  0.0 si,  0.0 st
MiB Mem :  12682.7 total,   4723.0 free,   7934.7 used,     24.9 buff/cache
MiB Swap:   4096.0 total,   4091.5 free,      4.5 used.   4587.7 avail Mem 
  998 osikov    20   0 4053364   3.9g   3012 R 100.0  31.2   0:50.79 mem2.bash
  997 osikov    20   0 4002280   3.8g   3120 R  93.3  30.8   0:50.82 mem.bash

top - 04:49:27 up  2:01,  0 users,  load average: 1.27, 0.37, 0.13
Tasks:  16 total,   3 running,  13 sleeping,   0 stopped,   0 zombie
%Cpu(s): 16.0 us,  0.6 sy,  0.0 ni, 83.4 id,  0.0 wa,  0.0 hi,  0.0 si,  0.0 st
MiB Mem :  12682.7 total,   3953.5 free,   8704.3 used,     24.9 buff/cache
MiB Swap:   4096.0 total,   4091.5 free,      4.5 used.   3818.2 avail Mem 
  998 osikov    20   0 4447912   4.2g   3012 R 100.0  34.2   0:56.08 mem2.bash
  997 osikov    20   0 4391020   4.2g   3120 R  93.3  33.8   0:56.12 mem.bash

top - 04:49:32 up  2:02,  0 users,  load average: 1.33, 0.39, 0.14
Tasks:  16 total,   3 running,  13 sleeping,   0 stopped,   0 zombie
%Cpu(s): 15.4 us,  1.1 sy,  0.0 ni, 83.0 id,  0.0 wa,  0.0 hi,  0.5 si,  0.0 st
MiB Mem :  12682.7 total,   3193.4 free,   9464.4 used,     24.9 buff/cache
MiB Swap:   4096.0 total,   4091.5 free,      4.5 used.   3058.0 avail Mem 
  997 osikov    20   0 4782268   4.6g   3120 R 100.0  36.8   1:01.43 mem.bash
  998 osikov    20   0 4843780   4.6g   3012 R 100.0  37.3   1:01.38 mem2.bash

top - 04:49:37 up  2:02,  0 users,  load average: 1.38, 0.42, 0.15
Tasks:  16 total,   3 running,  13 sleeping,   0 stopped,   0 zombie
%Cpu(s): 15.9 us,  0.5 sy,  0.0 ni, 83.5 id,  0.0 wa,  0.0 hi,  0.0 si,  0.0 st
MiB Mem :  12682.7 total,   2393.3 free,  10264.5 used,     24.9 buff/cache
MiB Swap:   4096.0 total,   4091.5 free,      4.5 used.   2257.9 avail Mem 
  997 osikov    20   0 5187904   4.9g   3120 R  93.8  39.9   1:06.73 mem.bash
  998 osikov    20   0 5254432   5.0g   3012 R  93.8  40.4   1:06.68 mem2.bash

top - 04:49:43 up  2:02,  0 users,  load average: 1.43, 0.45, 0.16
Tasks:  16 total,   3 running,  13 sleeping,   0 stopped,   0 zombie
%Cpu(s): 16.0 us,  0.6 sy,  0.0 ni, 83.4 id,  0.0 wa,  0.0 hi,  0.0 si,  0.0 st
MiB Mem :  12682.7 total,   1794.8 free,  10862.9 used,     24.9 buff/cache
MiB Swap:   4096.0 total,   4091.5 free,      4.5 used.   1659.5 avail Mem 
  997 osikov    20   0 5487280   5.2g   3120 R 100.0  42.2   1:12.04 mem.bash
  998 osikov    20   0 5559352   5.3g   3012 R 100.0  42.8   1:11.99 mem2.bash

top - 04:49:48 up  2:02,  0 users,  load average: 1.48, 0.47, 0.17
Tasks:  16 total,   3 running,  13 sleeping,   0 stopped,   0 zombie
%Cpu(s): 16.0 us,  0.6 sy,  0.0 ni, 83.4 id,  0.0 wa,  0.0 hi,  0.0 si,  0.0 st
MiB Mem :  12682.7 total,   1003.1 free,  11654.7 used,     24.9 buff/cache
MiB Swap:   4096.0 total,   4091.5 free,      4.5 used.    867.7 avail Mem 
  997 osikov    20   0 5899252   5.6g   3120 R 100.0  45.4   1:17.43 mem.bash
  998 osikov    20   0 5974096   5.7g   3012 R 100.0  46.0   1:17.39 mem2.bash

top - 04:49:53 up  2:02,  0 users,  load average: 1.52, 0.50, 0.18
Tasks:  16 total,   3 running,  13 sleeping,   0 stopped,   0 zombie
%Cpu(s):  0.0 us,  0.0 sy,  0.0 ni,100.0 id,  0.0 wa,  0.0 hi,  0.0 si,  0.0 st
MiB Mem :  12682.7 total,    417.8 free,  12239.9 used,     24.9 buff/cache
MiB Swap:   4096.0 total,   4091.5 free,      4.5 used.    282.5 avail Mem 
  997 osikov    20   0 6175792   5.9g   3120 R   0.0  47.5   1:21.20 mem.bash
  998 osikov    20   0 6253804   6.0g   3012 R   0.0  48.1   1:21.15 mem2.bash

top - 04:49:59 up  2:02,  0 users,  load average: 1.88, 0.59, 0.21
Tasks:  16 total,   3 running,  13 sleeping,   0 stopped,   0 zombie
%Cpu(s): 14.3 us,  1.6 sy,  0.0 ni, 79.9 id,  0.0 wa,  0.0 hi,  4.2 si,  0.0 st
MiB Mem :  12682.7 total,    235.6 free,  12422.1 used,     24.9 buff/cache
MiB Swap:   4096.0 total,   4091.5 free,      4.5 used.    100.3 avail Mem 
  997 osikov    20   0 6274132   6.0g   3120 R 100.0  48.3   1:28.06 mem.bash
  998 osikov    20   0 6365476   6.1g   3012 R 100.0  49.0   1:27.32 mem2.bash

top - 04:50:21 up  2:02,  0 users,  load average: 2.70, 0.86, 0.31
Tasks:  16 total,   3 running,  13 sleeping,   0 stopped,   0 zombie
%Cpu(s): 10.3 us,  2.1 sy,  0.0 ni, 79.7 id,  7.9 wa,  0.0 hi,  0.0 si,  0.0 st
MiB Mem :  12682.7 total,    118.7 free,  12545.7 used,     18.4 buff/cache
MiB Swap:   4096.0 total,   1951.1 free,   2144.9 used.     45.3 avail Mem 
  997 osikov    20   0 7479820   6.0g    512 R  75.0  48.1   1:42.19 mem.bash
  998 osikov    20   0 7524568   6.1g    512 R  75.0  49.3   1:40.62 mem2.bash

top - 04:50:29 up  2:02,  0 users,  load average: 2.90, 0.96, 0.35
Tasks:  16 total,   3 running,  13 sleeping,   0 stopped,   0 zombie
%Cpu(s): 16.3 us,  1.2 sy,  0.0 ni, 80.9 id,  1.6 wa,  0.0 hi,  0.0 si,  0.0 st
MiB Mem :  12682.7 total,    144.4 free,  12519.0 used,     19.3 buff/cache
MiB Swap:   4096.0 total,    891.8 free,   3204.2 used.      6.4 avail Mem 
  997 osikov    20   0 7974952   6.0g    512 R 100.0  48.4   1:48.77 mem.bash
  998 osikov    20   0 8027488   6.1g    512 R 100.0  49.4   1:47.22 mem2.bash

